0 info it worked if it ends with ok
1 verbose cli [ '/usr/local/Cellar/node/4.2.1/bin/node',
1 verbose cli   '/usr/local/bin/npm',
1 verbose cli   'run',
1 verbose cli   'start' ]
2 info using npm@3.3.9
3 info using node@v4.2.1
4 verbose run-script [ 'prestart', 'start', 'poststart' ]
5 info lifecycle reduxapp@1.0.0~prestart: reduxapp@1.0.0
6 silly lifecycle reduxapp@1.0.0~prestart: no script for prestart, continuing
7 info lifecycle reduxapp@1.0.0~start: reduxapp@1.0.0
8 verbose lifecycle reduxapp@1.0.0~start: unsafe-perm in lifecycle true
9 verbose lifecycle reduxapp@1.0.0~start: PATH: /usr/local/lib/node_modules/npm/bin/node-gyp-bin:/Applications/MAMP/htdocs/reduxapp/node_modules/.bin:/Users/royce/bin/Sencha/Cmd:/Users/royce/.rvm/gems/ruby-2.2.0/bin:/Users/royce/.rvm/gems/ruby-2.2.0@global/bin:/Users/royce/.rvm/rubies/ruby-2.2.0/bin:/usr/local/bin:/usr/bin:/bin:/usr/sbin:/sbin:/Users/royce/.rvm/bin
10 verbose lifecycle reduxapp@1.0.0~start: CWD: /Applications/MAMP/htdocs/reduxapp
11 silly lifecycle reduxapp@1.0.0~start: Args: [ '-c', 'babel-node index.js' ]
12 silly lifecycle reduxapp@1.0.0~start: Returned: code: 1  signal: null
13 info lifecycle reduxapp@1.0.0~start: Failed to exec start script
14 verbose stack Error: reduxapp@1.0.0 start: `babel-node index.js`
14 verbose stack Exit status 1
14 verbose stack     at EventEmitter.<anonymous> (/usr/local/lib/node_modules/npm/lib/utils/lifecycle.js:233:16)
14 verbose stack     at emitTwo (events.js:87:13)
14 verbose stack     at EventEmitter.emit (events.js:172:7)
14 verbose stack     at ChildProcess.<anonymous> (/usr/local/lib/node_modules/npm/lib/utils/spawn.js:24:14)
14 verbose stack     at emitTwo (events.js:87:13)
14 verbose stack     at ChildProcess.emit (events.js:172:7)
14 verbose stack     at maybeClose (internal/child_process.js:818:16)
14 verbose stack     at Process.ChildProcess._handle.onexit (internal/child_process.js:211:5)
15 verbose pkgid reduxapp@1.0.0
16 verbose cwd /Applications/MAMP/htdocs/reduxapp
17 error Darwin 15.0.0
18 error argv "/usr/local/Cellar/node/4.2.1/bin/node" "/usr/local/bin/npm" "run" "start"
19 error node v4.2.1
20 error npm  v3.3.9
21 error code ELIFECYCLE
22 error reduxapp@1.0.0 start: `babel-node index.js`
22 error Exit status 1
23 error Failed at the reduxapp@1.0.0 start script 'babel-node index.js'.
23 error This is most likely a problem with the reduxapp package,
23 error not with npm itself.
23 error Tell the author that this fails on your system:
23 error     babel-node index.js
23 error You can get their info via:
23 error     npm owner ls reduxapp
23 error There is likely additional logging output above.
24 verbose exit [ 1, true ]
